[2016-04-18 21:59:11] START
[2016-04-18 21:59:11] EDIT Recipe/models/menu.py: 0
[2016-04-18 21:59:34] EDIT Recipe/models/menu.py: -1
[2016-04-18 21:59:42] EDIT Recipe/models/menu.py: -2
[2016-04-18 21:59:48] EDIT Recipe/models/menu.py: 0
[2016-04-18 22:10:00] EDIT Recipe/controllers/default.py: 0
[2016-04-18 22:11:32] EDIT Recipe/static/css/style.css: 0
[2016-04-18 22:23:08] EDIT Recipe/static/css/style.css: 0
[2016-04-18 22:23:44] EDIT Recipe/static/css/style.css: 0
[2016-04-18 22:24:11] EDIT Recipe/static/css/style.css: 0
[2016-04-18 22:25:59] EDIT Recipe/static/css/bootstrap-responsive.min.css: 0
[2016-04-18 22:26:07] EDIT Recipe/static/css/bootstrap-responsive.min.css: 0
[2016-04-18 22:26:18] EDIT Recipe/static/css/style.css: 1
[2016-04-18 22:26:32] EDIT Recipe/static/css/style.css: 0
[2016-04-18 22:26:49] EDIT Recipe/views/layout.html: 0
[2016-04-18 22:29:15] EDIT Recipe/views/layout.html: 3
[2016-04-18 22:30:01] EDIT Recipe/views/layout.html: 2
[2016-04-18 22:30:55] EDIT Recipe/static/css/style.css: 0
[2016-04-18 22:38:48] EDIT Recipe/views/layout.html: -2
[2016-04-18 22:41:26] EDIT Recipe/views/layout.html: -3
[2016-04-18 22:42:49] EDIT Recipe/static/css/style.css: 0
[2016-04-18 22:43:04] EDIT Recipe/static/css/style.css: 0
[2016-04-18 22:43:15] EDIT Recipe/static/css/style.css: 1
[2016-04-18 22:43:17] EDIT Recipe/static/css/style.css: 0
[2016-04-18 22:49:37] EDIT Recipe/static/css/style.css: -1
[2016-04-18 22:49:48] EDIT Recipe/static/css/style.css: -5
[2016-04-18 22:50:16] EDIT Recipe/views/default/index.html: -1
[2016-04-18 22:50:21] EDIT Recipe/views/default/index.html: 1
[2016-04-18 22:50:39] EDIT Recipe/views/layout.html: -11
[2016-04-18 22:51:26] EDIT Recipe/views/default/index.html: -3
[2016-04-18 22:53:16] EDIT Recipe/views/layout.html: 12
[2016-04-18 22:54:01] EDIT Recipe/views/layout.html: 0
[2016-04-18 22:54:41] EDIT Recipe/views/layout.html: 0
[2016-04-18 22:55:10] EDIT Recipe/views/layout.html: 0
[2016-04-18 22:56:14] EDIT Recipe/views/layout.html: 0
[2016-04-18 22:56:42] EDIT Recipe/views/layout.html: 0
[2016-04-18 22:57:01] EDIT Recipe/views/layout.html: 0
[2016-04-18 22:57:18] EDIT Recipe/views/layout.html: 0
[2016-04-18 22:57:36] EDIT Recipe/views/layout.html: -1
[2016-04-18 22:57:59] EDIT Recipe/views/layout.html: 0
[2016-04-18 22:58:13] EDIT Recipe/views/layout.html: 0
[2016-04-18 22:58:24] EDIT Recipe/views/layout.html: 0
[2016-04-18 22:58:31] EDIT Recipe/views/layout.html: 0
[2016-04-18 22:58:51] EDIT Recipe/views/layout.html: 0
[2016-04-18 22:59:02] EDIT Recipe/views/layout.html: 0
[2016-04-18 23:03:16] EDIT Recipe/views/layout.html: -3
[2016-04-18 23:03:22] EDIT Recipe/views/layout.html: 0
[2016-04-18 23:04:13] EDIT Recipe/views/layout.html: 0
[2016-04-18 23:04:44] EDIT Recipe/views/layout.html: -6
[2016-04-18 23:05:42] EDIT Recipe/views/layout.html: 0
[2016-04-18 23:07:52] EDIT Recipe/views/layout.html: 0
[2016-04-18 23:07:58] EDIT Recipe/views/layout.html: 0
[2016-04-18 23:08:13] EDIT Recipe/views/layout.html: 0
[2016-04-18 23:08:31] EDIT Recipe/views/layout.html: 0
[2016-04-18 23:13:06] EDIT Recipe/views/layout.html: -1
[2016-04-18 23:13:59] EDIT Recipe/views/layout.html: 8
[2016-04-18 23:15:10] EDIT Recipe/views/layout.html: 0
[2016-04-18 23:18:00] EDIT Recipe/views/layout.html: 10
[2016-04-18 23:19:32] EDIT Recipe/views/layout.html: 0
[2016-04-18 23:20:51] EDIT Recipe/views/layout.html: -1
[2016-04-18 23:21:18] EDIT Recipe/views/layout.html: -6
[2016-04-18 23:22:46] EDIT Recipe/static/css/style.css: 0
[2016-04-18 23:23:57] EDIT Recipe/static/css/style.css: 0
[2016-04-18 23:25:33] EDIT Recipe/static/css/style.css: -8
[2016-04-18 23:25:42] EDIT Recipe/static/css/style.css: 0
[2016-04-18 23:28:18] EDIT Recipe/views/layout.html: 0
[2016-04-18 23:37:27] EDIT Recipe/views/layout.html: 1
[2016-04-18 23:39:55] EDIT Recipe/views/layout.html: 0
[2016-04-18 23:40:17] EDIT Recipe/views/layout.html: 0
[2016-04-18 23:41:02] EDIT Recipe/views/layout.html: 0
[2016-04-18 23:41:40] EDIT Recipe/views/layout.html: 0
[2016-04-18 23:42:34] EDIT Recipe/views/layout.html: 0
[2016-04-18 23:43:19] EDIT Recipe/views/layout.html: 0
[2016-04-18 23:44:49] EDIT Recipe/static/css/style2.css: 0
[2016-04-18 23:45:19] EDIT Recipe/views/layout.html: 0
[2016-04-18 23:45:56] EDIT Recipe/views/layout.html: 0
[2016-04-18 23:46:36] EDIT Recipe/views/layout.html: 0
[2016-04-18 23:46:38] EDIT Recipe/views/layout.html: 0
[2016-04-18 23:47:39] EDIT Recipe/views/layout.html: 0
[2016-04-18 23:48:31] EDIT Recipe/views/layout.html: 0
[2016-04-18 23:49:06] EDIT Recipe/views/layout.html: 0
[2016-04-18 23:50:10] EDIT Recipe/views/layout.html: 0
[2016-04-18 23:51:56] EDIT Recipe/views/layout.html: 0
[2016-04-18 23:52:09] EDIT Recipe/static/css/style2.css: 0
[2016-04-18 23:52:38] EDIT Recipe/static/css/style2.css: 0
[2016-04-18 23:52:53] EDIT Recipe/static/css/style2.css: 0
[2016-04-18 23:52:57] EDIT Recipe/static/css/style2.css: 0
[2016-04-18 23:53:06] EDIT Recipe/static/css/style2.css: 0
[2016-04-18 23:53:23] EDIT Recipe/static/css/style2.css: 0
[2016-04-18 23:53:43] EDIT Recipe/static/css/style2.css: 1
[2016-04-18 23:53:45] EDIT Recipe/static/css/style2.css: -1
[2016-04-18 23:54:47] EDIT Recipe/views/layout.html: 0
[2016-04-18 23:56:09] EDIT Recipe/views/layout.html: 0
[2016-04-18 23:56:38] EDIT Recipe/views/layout.html: 0
[2016-04-18 23:58:03] EDIT Recipe/views/layout.html: 1
[2016-04-19 00:00:35] EDIT Recipe/static/css/style2.css: 0
[2016-04-19 00:00:37] EDIT Recipe/static/css/style2.css: -1
[2016-04-19 00:01:23] EDIT Recipe/views/layout.html: 1
[2016-04-19 00:02:00] EDIT Recipe/static/css/style2.css: 1
[2016-04-19 00:02:11] EDIT Recipe/static/css/style2.css: 0
[2016-04-19 00:02:21] EDIT Recipe/static/css/style2.css: 0
[2016-04-19 00:05:15] EDIT Recipe/static/css/style2.css: 0
[2016-04-19 00:05:38] EDIT Recipe/static/css/style2.css: -1
[2016-04-19 00:06:03] EDIT Recipe/static/css/style2.css: 1
[2016-04-19 00:06:10] EDIT Recipe/static/css/style2.css: 0
[2016-04-19 00:06:22] EDIT Recipe/static/css/style2.css: -1
[2016-04-19 00:06:24] EDIT Recipe/static/css/style2.css: 0
[2016-04-19 00:07:44] EDIT Recipe/views/layout.html: -1
[2016-04-19 00:08:04] EDIT Recipe/static/css/style2.css: 1
[2016-04-19 00:08:13] EDIT Recipe/static/css/style2.css: 0
[2016-04-19 00:08:26] EDIT Recipe/static/css/style2.css: 0
[2016-04-19 00:08:34] EDIT Recipe/static/css/style2.css: 0
[2016-04-19 00:09:11] EDIT Recipe/views/layout.html: 0
[2016-04-19 00:09:29] EDIT Recipe/views/layout.html: 0
[2016-04-19 00:10:56] EDIT Recipe/views/layout.html: 0
[2016-04-19 00:10:58] EDIT Recipe/views/layout.html: 0
[2016-04-19 00:11:27] EDIT Recipe/views/layout.html: 0
[2016-04-19 00:11:42] EDIT Recipe/views/layout.html: 0
[2016-04-19 00:12:51] EDIT Recipe/views/layout.html: 0
[2016-04-19 00:13:40] EDIT Recipe/views/layout.html: -21
[2016-04-19 00:15:07] EDIT Recipe/views/layout.html: 21
[2016-04-19 00:18:06] EDIT Recipe/static/css/style2.css: -9
[2016-04-19 00:18:48] EDIT Recipe/static/css/style2.css: -21
[2016-04-19 00:20:33] EDIT Recipe/static/css/style2.css: 25
[2016-04-19 00:27:46] EDIT Recipe/models/menu.py: -2
[2016-04-19 00:28:07] EDIT Recipe/views/layout.html: 0
[2016-04-19 00:32:33] EDIT Recipe/static/css/style2.css: 4
[2016-04-19 00:33:31] EDIT Recipe/static/css/style2.css: 0
[2016-04-19 00:34:20] EDIT Recipe/views/layout.html: 1
[2016-04-19 00:34:33] EDIT Recipe/views/layout.html: -1
[2016-04-19 00:35:24] EDIT Recipe/static/css/style2.css: 0
[2016-04-19 00:44:50] EDIT Recipe/static/css/bootstrap.min.css: 0
[2016-04-19 00:45:25] EDIT Recipe/static/css/bootstrap.min.css: 0
[2016-04-19 00:47:36] EDIT Recipe/static/css/bootstrap.min.css: 0
[2016-04-19 00:49:48] EDIT Recipe/static/css/bootstrap.min.css: 0
[2016-04-19 00:49:50] EDIT Recipe/static/css/bootstrap.min.css: 0
[2016-04-19 00:50:47] EDIT Recipe/views/layout.html: 0
[2016-04-19 00:51:26] EDIT Recipe/views/layout.html: 1
[2016-04-19 00:52:06] EDIT Recipe/static/css/style2.css: -3
[2016-04-19 00:53:55] EDIT Recipe/static/css/style2.css: 3
[2016-04-19 00:54:05] EDIT Recipe/views/layout.html: 1
[2016-04-19 00:54:20] EDIT Recipe/views/layout.html: 1
[2016-04-19 00:54:28] EDIT Recipe/views/layout.html: -2
[2016-04-19 00:54:38] EDIT Recipe/static/css/style2.css: 0
[2016-04-19 00:54:55] EDIT Recipe/static/css/style2.css: 0
[2016-04-19 00:55:04] EDIT Recipe/static/css/style2.css: 0
[2016-04-19 00:55:19] EDIT Recipe/views/layout.html: 1
[2016-04-19 00:55:53] EDIT Recipe/views/layout.html: -1
[2016-04-19 00:56:14] EDIT Recipe/views/layout.html: -1
[2016-04-19 00:56:31] EDIT Recipe/views/layout.html: 1
[2016-04-19 00:56:41] EDIT Recipe/views/layout.html: -1
[2016-04-19 00:57:34] EDIT Recipe/static/css/style2.css: -1
[2016-04-19 00:57:51] EDIT Recipe/views/layout.html: 0
[2016-04-19 00:58:01] EDIT Recipe/views/layout.html: 0
[2016-04-19 00:58:17] EDIT Recipe/views/layout.html: 0
[2016-04-19 00:58:24] EDIT Recipe/views/layout.html: -1
[2016-04-19 00:58:37] EDIT Recipe/views/layout.html: 1
[2016-04-19 00:59:13] EDIT Recipe/views/layout.html: 0
[2016-04-19 00:59:37] EDIT Recipe/static/css/style2.css: 0
[2016-04-19 00:59:47] EDIT Recipe/static/css/style2.css: 0
[2016-04-19 01:00:06] EDIT Recipe/views/layout.html: 0
[2016-04-19 01:00:14] EDIT Recipe/views/layout.html: 0
[2016-04-19 01:01:37] EDIT Recipe/static/css/bootstrap.min.css: 0
[2016-04-19 01:02:23] EDIT Recipe/static/css/bootstrap1.min.css: 0
[2016-04-19 01:25:02] EDIT Recipe/views/layout.html: -1
[2016-04-19 01:25:54] EDIT Recipe/models/menu.py: -2
[2016-04-19 01:42:52] EDIT Recipe/models/menu.py: -89
[2016-04-19 01:42:59] EDIT Recipe/models/menu.py: 0
[2016-04-19 01:43:10] EDIT Recipe/models/menu.py: 0
[2016-04-19 01:43:28] EDIT Recipe/models/menu.py: 0
[2016-04-19 01:43:42] EDIT Recipe/models/menu.py: 0
[2016-04-19 01:44:29] EDIT Recipe/models/menu.py: 0
[2016-04-19 01:45:03] EDIT Recipe/models/menu.py: 0
[2016-04-19 01:45:40] EDIT Recipe/models/menu.py: -1
[2016-04-19 01:47:55] EDIT Recipe/models/menu.py: 0
[2016-04-19 01:49:06] EDIT Recipe/models/menu.py: 0
[2016-04-19 01:50:35] EDIT Recipe/models/menu.py: 2
[2016-04-19 01:51:23] EDIT Recipe/models/menu.py: 0
[2016-04-19 01:51:41] EDIT Recipe/models/menu.py: -1
[2016-04-19 01:53:49] EDIT Recipe/models/menu.py: 3
[2016-04-19 01:58:17] EDIT Recipe/controllers/default.py: 3
[2016-04-19 02:11:11] EDIT Recipe/models/menu.py: 13
[2016-04-19 02:12:09] EDIT Recipe/models/menu.py: 0
[2016-04-19 02:13:13] EDIT Recipe/models/menu.py: 0
[2016-04-19 02:23:38] EDIT Recipe/models/menu.py: 0
[2016-04-19 02:25:28] EDIT Recipe/static/css/bootstrap.min.css: 0
[2016-04-19 02:25:58] EDIT Recipe/static/css/bootstrap1.min.css: 0
[2016-04-19 02:31:20] EDIT Recipe/static/css/web2py_bootstrap.css: 0
[2016-04-19 02:36:55] EDIT Recipe/controllers/default.py: 0
[2016-04-19 02:37:55] EDIT Recipe/controllers/default.py: 0
[2016-04-19 02:39:27] EDIT Recipe/controllers/default.py: -1
[2016-04-19 02:42:28] EDIT Recipe/models/menu.py: 0
[2016-04-19 02:44:48] EDIT Recipe/views/default/showejournals.html: 0
[2016-04-19 02:45:30] EDIT Recipe/views/default/showejournals.html: 0
[2016-04-19 02:46:05] EDIT Recipe/views/default/showejournals.html: 0
[2016-04-19 02:46:19] EDIT Recipe/views/default/showejournals.html: 1
[2016-04-19 02:49:16] EDIT Recipe/controllers/default.py: 0
[2016-04-19 02:49:20] EDIT Recipe/controllers/default.py: 0
[2016-04-19 02:49:25] EDIT Recipe/controllers/default.py: 0
[2016-04-19 02:49:29] EDIT Recipe/controllers/default.py: 0
[2016-04-19 02:51:07] EDIT Recipe/static/css/style2.css: -7
[2016-04-19 18:10:24] EDIT Recipe/static/css/bootstrap.min.css: 0
[2016-04-19 18:11:16] EDIT Recipe/static/css/bootstrap.min.css: 0
[2016-04-19 18:12:10] EDIT Recipe/static/css/bootstrap1.min.css: 0
[2016-04-19 18:23:45] EDIT Recipe/static/css/bootstrap1.min.css: 0
[2016-04-19 18:27:11] DELETE Recipe/views/dish.jpg: -1
[2016-04-19 18:35:21] EDIT Recipe/static/css/style2.css: 0
[2016-04-19 18:37:46] EDIT Recipe/static/css/bootstrap.min.css: 0
[2016-04-19 18:38:46] EDIT Recipe/static/css/bootstrap1.min.css: 0
[2016-04-19 18:42:00] EDIT Recipe/static/css/style2.css: 2
[2016-04-19 18:42:09] EDIT Recipe/static/css/style2.css: 1
[2016-04-19 19:03:09] EDIT Newrs/static/css/style2.css: 3
[2016-04-19 19:12:38] EDIT Newrs/static/css/style2.css: -6
[2016-04-19 19:19:38] EDIT Newrs/static/js/web2py_bootstrap.js: 0
[2016-04-19 19:21:15] EDIT Newrs/static/js/web2py_bootstrap.js: 2
[2016-04-19 19:24:23] EDIT Newrs/static/js/web2py_bootstrap.js: -2
[2016-04-19 19:24:45] EDIT Newrs/static/js/web2py_bootstrap.js: 0
[2016-04-19 19:25:17] EDIT Newrs/static/css/style2.css: 4
[2016-04-19 19:26:03] EDIT Newrs/static/css/style2.css: 0
[2016-04-19 19:26:45] EDIT Newrs/static/css/style2.css: 0
[2016-04-19 19:28:04] EDIT Newrs/static/css/style2.css: 5
[2016-04-19 19:28:05] EDIT Newrs/static/css/style2.css: 0
[2016-04-19 19:29:27] EDIT Newrs/static/css/style2.css: 0
[2016-04-19 19:29:29] EDIT Newrs/static/css/style2.css: 0
[2016-04-19 19:31:07] EDIT Newrs/static/css/style2.css: 0
[2016-04-19 19:32:30] EDIT Newrs/static/css/style2.css: 0
[2016-04-19 19:34:07] EDIT Newrs/static/css/style2.css: 0
[2016-04-19 19:42:11] EDIT Newrs/static/css/style2.css: 5
[2016-04-19 19:42:59] EDIT Newrs/static/css/style2.css: -1
[2016-04-19 19:43:20] EDIT Newrs/static/css/style2.css: 1
[2016-04-19 19:44:06] EDIT Newrs/static/css/style2.css: 0
[2016-04-19 19:47:41] EDIT Newrs/static/css/style2.css: -1
[2016-04-19 19:48:43] EDIT Newrs/static/css/web2py_bootstrap.css: 0
[2016-04-19 19:49:04] EDIT Newrs/static/css/web2py_bootstrap.css: 0
[2016-04-19 19:49:44] EDIT Newrs/static/css/style2.css: 0
[2016-04-19 19:50:51] EDIT Newrs/static/css/style2.css: 4
[2016-04-19 19:51:38] EDIT Newrs/static/css/style2.css: -1
[2016-04-19 19:52:25] EDIT Newrs/static/css/style2.css: -1
[2016-04-19 19:52:26] EDIT Newrs/static/css/style2.css: 0
[2016-04-19 19:55:11] EDIT Newrs/static/css/bootstrap1.min.css: 0
[2016-04-19 19:55:40] EDIT Newrs/static/css/bootstrap-responsive.min.css: 0
[2016-04-19 19:56:30] EDIT Newrs/static/css/style2.css: 4
[2016-04-19 19:56:53] EDIT Newrs/static/css/style2.css: 0
[2016-04-19 19:57:26] EDIT Newrs/static/css/style2.css: 1
[2016-04-19 19:57:28] EDIT Newrs/static/css/style2.css: 0
[2016-04-19 19:57:33] EDIT Newrs/static/css/style2.css: 0
[2016-04-19 19:57:45] EDIT Newrs/static/css/style2.css: 3
[2016-04-19 22:14:18] EDIT Newrs/views/layout.html: 8
[2016-04-19 22:16:56] EDIT Newrs/views/default/index.html: 13
[2016-04-19 22:23:32] EDIT Newrs/views/default/index.html: 0
[2016-04-19 22:24:05] EDIT Newrs/views/default/index.html: 0
[2016-04-19 22:24:53] EDIT Newrs/views/default/index.html: 0
[2016-04-19 22:30:45] EDIT Newrs/views/default/index.html: 0
[2016-04-19 22:33:58] EDIT Newrs/views/layout.html: 0
[2016-04-19 22:40:24] EDIT Newrs/views/layout.html: 8
[2016-04-19 22:41:15] EDIT Newrs/views/layout.html: -7
[2016-04-19 22:47:00] EDIT Newrs/views/layout.html: 134
[2016-04-19 22:49:21] EDIT Newrs/views/layout.html: 134
[2016-04-19 22:51:13] EDIT Newrs/views/layout.html: -4
[2016-04-19 22:58:56] EDIT Newrs/views/layout.html: 0
[2016-04-19 23:00:29] EDIT Newrs/views/layout.html: 0
[2016-04-19 23:00:37] EDIT Newrs/views/layout.html: 0
[2016-04-19 23:07:01] EDIT Newrs/views/layout.html: 0
[2016-04-19 23:07:37] EDIT Newrs/static/css/style2.css: 5
[2016-04-19 23:08:13] EDIT Newrs/views/layout.html: 0
[2016-04-19 23:16:21] EDIT Newrs/static/css/style2.css: -1
[2016-04-19 23:18:05] EDIT Newrs/static/css/style2.css: 1
[2016-04-19 23:18:07] EDIT Newrs/static/css/style2.css: 0
[2016-04-19 23:18:17] EDIT Newrs/static/css/style2.css: 0
[2016-04-19 23:18:49] EDIT Newrs/views/layout.html: 1
[2016-04-19 23:19:19] EDIT Newrs/views/layout.html: 0
[2016-04-19 23:27:49] EDIT Newrs/static/css/style2.css: 0
[2016-04-19 23:37:09] EDIT Newrs/static/css/style2.css: 1
[2016-04-19 23:40:08] EDIT Newrs/static/js/jquery.nivo.slider.pack.js: 0
[2016-04-19 23:40:20] EDIT Newrs/static/js/jquery.nivo.slider.pack.js: 0
[2016-04-19 23:43:24] EDIT Newrs/static/js/jquery.nivo.slider.pack.js: 0
[2016-04-19 23:45:09] EDIT Newrs/static/css/style2.css: -5
[2016-04-19 23:51:29] EDIT Newrs/views/default/index.html: 53
[2016-04-20 00:18:52] EDIT Newrs/views/layout.html: -42
[2016-04-20 00:21:19] EDIT Newrs/views/default/index.html: 57
[2016-04-20 00:22:27] EDIT Newrs/views/layout.html: -23
[2016-04-20 00:23:09] EDIT Newrs/views/layout.html: 15
[2016-04-20 00:23:38] EDIT Newrs/views/layout.html: -13
[2016-04-20 00:23:54] EDIT Newrs/views/layout.html: 21
[2016-04-20 00:24:04] EDIT Newrs/views/default/index.html: 0
[2016-04-20 00:26:24] EDIT Newrs/views/layout.html: -20
[2016-04-20 00:26:58] EDIT Newrs/views/default/index.html: 57
[2016-04-20 00:28:06] EDIT Newrs/views/default/index.html: 1
[2016-04-21 23:32:45] EDIT Newrs/views/default/index.html: -1
[2016-04-21 23:34:00] EDIT Newrs/views/default/index.html: 2
[2016-04-21 23:34:36] EDIT Newrs/views/default/index.html: -1
[2016-04-21 23:35:21] EDIT Newrs/views/default/index.html: 1
[2016-04-21 23:41:33] EDIT Newrs/views/layout.html: 2
[2016-04-21 23:43:02] EDIT Newrs/views/layout.html: 0
[2016-04-21 23:46:13] EDIT Newrs/views/layout.html: 3
[2016-04-21 23:46:19] EDIT Newrs/views/layout.html: 0
[2016-04-21 23:46:21] EDIT Newrs/views/layout.html: -7
[2016-04-22 00:07:44] EDIT Newrs/models/menu.py: 0
[2016-04-22 00:07:49] EDIT Newrs/models/menu.py: 0
[2016-04-22 00:23:32] EDIT Newrs/views/layout.html: 0
[2016-04-22 00:30:36] EDIT Newrs/views/layout.html: -2
[2016-04-22 00:33:55] EDIT Newrs/static/css/style2.css: 82
[2016-04-22 00:38:45] EDIT Newrs/static/css/style2.css: 2
[2016-04-22 00:39:30] EDIT Newrs/static/css/style2.css: -1
[2016-04-22 00:44:11] EDIT Newrs/static/css/style2.css: 0
[2016-04-22 00:46:38] EDIT Newrs/static/css/style2.css: 0
[2016-04-22 00:48:46] EDIT Newrs/static/css/style2.css: 0
[2016-04-22 00:49:27] EDIT Newrs/static/css/style2.css: 0
[2016-04-22 00:50:26] EDIT Newrs/views/layout.html: 0
[2016-04-22 00:51:36] EDIT Newrs/static/css/style2.css: 0
[2016-04-22 00:52:05] EDIT Newrs/static/css/style2.css: 0
[2016-04-22 00:55:39] EDIT Newrs/static/css/style2.css: 1
[2016-04-22 00:56:02] EDIT Newrs/static/css/style2.css: 0
[2016-04-22 00:56:17] EDIT Newrs/static/css/style2.css: 0
[2016-04-22 01:00:48] EDIT Newrs/static/css/style2.css: 0
[2016-04-22 01:01:11] EDIT Newrs/static/css/style2.css: 1
[2016-04-22 01:01:59] EDIT Newrs/static/css/style2.css: -1
[2016-04-22 01:03:35] EDIT Newrs/static/css/style2.css: 0
[2016-04-22 01:03:59] EDIT Newrs/static/css/style2.css: 0
[2016-04-22 01:07:33] EDIT Newrs/static/css/style2.css: 0
[2016-04-22 01:12:59] EDIT Newrs/static/css/style2.css: -3
[2016-04-22 01:16:34] EDIT Newrs/views/layout.html: -1
[2016-04-22 01:17:00] EDIT Newrs/static/css/style2.css: 0
[2016-04-22 01:17:19] EDIT Newrs/static/css/style2.css: 0
[2016-04-22 01:17:52] EDIT Newrs/static/css/style2.css: 0
[2016-04-22 01:20:20] EDIT Newrs/static/css/style2.css: 0
[2016-04-22 01:24:48] EDIT Newrs/static/css/style2.css: 0
[2016-04-22 01:29:29] EDIT Newrs/static/css/style2.css: 0
[2016-04-22 01:40:27] EDIT Newrs/views/default/index.html: 0
[2016-04-22 01:40:45] EDIT Newrs/views/default/index.html: 1
[2016-04-22 01:41:28] EDIT Newrs/views/default/index.html: 0
[2016-04-22 01:43:40] EDIT Newrs/views/default/index.html: 0
[2016-04-22 01:46:29] EDIT Newrs/views/default/index.html: 20
[2016-04-22 01:48:59] EDIT Newrs/views/default/index.html: 12
[2016-04-22 01:50:01] EDIT Newrs/views/default/index.html: 0
[2016-04-29 02:35:18] EDIT Newrs/views/default/index.html: 0
[2016-04-29 02:35:42] EDIT Newrs/views/default/index.html: 2
[2016-04-29 02:37:30] EDIT Newrs/controllers/default.py: -1
[2016-04-29 02:37:49] EDIT Newrs/views/default/lost_book.html: 0
[2016-04-29 02:44:00] EDIT Newrs/views/layout.html: 2
[2016-04-29 02:45:30] EDIT Newrs/static/css/style2.css: -1
[2016-04-29 02:52:02] EDIT Newrs/views/layout.html: 0
[2016-04-29 02:52:23] EDIT Newrs/views/layout.html: -1
[2016-04-29 02:56:56] EDIT Newrs/static/css/style2.css: 0
[2016-04-29 02:57:14] EDIT Newrs/static/css/style2.css: 0
[2016-04-29 02:57:46] EDIT Newrs/views/layout.html: 0
[2016-04-29 02:58:12] EDIT Newrs/static/css/style2.css: 0
[2016-04-29 02:58:22] EDIT Newrs/static/css/style2.css: 0
[2016-04-29 03:13:10] EDIT Newrs/static/css/style2.css: -7
[2016-04-29 03:39:07] EDIT Newrs/views/appadmin.html: 28
[2016-04-29 03:46:56] EDIT Newrs/static/css/style2.css: 4
[2016-04-29 03:47:00] EDIT Newrs/static/css/style2.css: 0
[2016-04-29 03:47:43] EDIT Newrs/views/layout.html: 3
[2016-04-29 03:49:55] EDIT Newrs/static/css/style2.css: 11
[2016-04-29 03:50:30] EDIT Newrs/static/css/style2.css: 4
[2016-04-29 03:51:48] EDIT Newrs/static/css/style2.css: 1
[2016-04-29 03:56:13] EDIT Newrs/static/css/style2.css: 10
[2016-04-29 03:57:10] EDIT Newrs/static/css/style2.css: 0
[2016-04-29 03:58:40] EDIT Newrs/static/css/style2.css: 10
[2016-04-29 04:04:58] EDIT Newrs/static/css/style2.css: 8
[2016-04-29 04:05:11] EDIT Newrs/static/css/style2.css: -4
[2016-04-29 04:11:17] EDIT Newrs/views/layout.html: 0
[2016-04-29 04:11:55] EDIT Newrs/views/layout.html: 20
[2016-04-29 04:12:16] EDIT Newrs/views/layout.html: -16
[2016-04-29 04:13:21] EDIT Newrs/views/layout.html: 12
[2016-04-29 04:13:42] EDIT Newrs/views/layout.html: 18
[2016-04-29 04:18:18] CREATE default/updatethesis.html: 0
[2016-04-29 04:18:48] CREATE default/showjournals.html: 0
[2016-04-29 04:19:10] CREATE default/showbooks.html: 0
[2016-04-29 04:19:45] CREATE default/issue_book.html: 0
[2016-04-29 04:20:20] CREATE default/fine_calculator.html: 0
[2016-04-29 04:20:43] CREATE default/return_book.html: 0
[2016-04-29 04:20:59] CREATE default/purchase_book.html: 0
[2016-04-29 04:21:32] CREATE default/askyourqueries.html: 0
[2016-04-29 04:21:54] CREATE default/uploadebooks.html: 0
[2016-04-29 04:22:20] CREATE default/view_recommendation.html: 0
[2016-04-29 04:22:39] CREATE default/recommend.html: 0
[2016-04-29 04:23:12] CREATE default/answerqueries.html: 0
[2016-04-29 04:23:24] CREATE default/newnews.html: 0
[2016-04-29 04:23:41] CREATE default/editnews.html: 0
[2016-04-29 04:23:56] CREATE default/deletenews.html: 0
[2016-04-29 04:24:18] CREATE default/shownews.html: 0
[2016-04-29 04:24:37] CREATE default/testing.html: 0
[2016-04-29 04:25:32] CREATE default/show_users.html: 0
[2016-04-29 04:25:54] CREATE default/my_profile.html: 0
[2016-04-29 04:26:13] CREATE default/show_profile.html: 0
[2016-04-29 04:26:55] EDIT Newrs/views/layout.html: 0
[2016-04-29 04:27:15] EDIT Newrs/views/layout.html: 3
[2016-04-29 04:27:58] EDIT Newrs/views/layout.html: -6
[2016-04-29 04:29:14] EDIT Newrs/views/layout.html: -20
[2016-04-29 04:29:22] EDIT Newrs/views/layout.html: -12
[2016-04-29 04:36:52] EDIT Newrs/controllers/default.py: 0
[2016-04-29 04:37:49] EDIT Newrs/views/default/showbooks.html: 22
[2016-04-29 04:40:16] EDIT Newrs/views/default/showbooks.html: -1
[2016-04-29 04:40:24] EDIT Newrs/views/default/showbooks.html: 0
[2016-04-29 04:40:52] EDIT Newrs/views/default/showbooks.html: 0
[2016-04-29 04:41:48] EDIT Newrs/views/default/showbooks.html: 4
[2016-04-29 04:45:05] EDIT Newrs/views/default/showbooks.html: 0
[2016-04-29 04:45:38] EDIT Newrs/views/default/showbooks.html: 0
[2016-04-29 04:45:48] EDIT Newrs/views/default/showbooks.html: 0
[2016-04-29 04:46:10] EDIT Newrs/views/default/showbooks.html: 0
[2016-04-29 04:47:08] EDIT Newrs/views/default/showbooks.html: 0
[2016-04-29 04:48:18] EDIT Newrs/static/css/style2.css: 4
[2016-04-29 04:48:21] EDIT Newrs/static/css/style2.css: 1
[2016-04-29 04:48:50] EDIT Newrs/views/default/showbooks.html: 0
[2016-04-29 04:49:57] EDIT Newrs/views/default/showbooks.html: 0
[2016-04-29 04:50:22] EDIT Newrs/views/default/showbooks.html: 0
[2016-04-29 04:50:47] EDIT Newrs/views/default/showbooks.html: 1
[2016-04-29 04:51:04] EDIT Newrs/views/default/showbooks.html: 0
[2016-04-29 04:51:22] EDIT Newrs/views/default/showbooks.html: 0
[2016-04-29 04:53:20] EDIT Newrs/views/default/showbooks.html: -2
[2016-04-29 04:53:53] EDIT Newrs/views/default/showbooks.html: 0
[2016-04-29 04:54:13] EDIT Newrs/views/default/showbooks.html: 4
[2016-04-29 04:54:22] EDIT Newrs/views/default/showbooks.html: -3
[2016-04-29 04:54:38] EDIT Newrs/views/default/showbooks.html: 0
[2016-04-29 04:55:42] EDIT Newrs/views/default/showbooks.html: 0
[2016-04-29 04:55:56] EDIT Newrs/views/default/showbooks.html: 0
[2016-04-29 04:56:14] EDIT Newrs/views/default/showbooks.html: 0
[2016-04-29 04:56:31] EDIT Newrs/views/default/showbooks.html: 0
[2016-04-29 04:58:30] EDIT Newrs/views/default/showbooks.html: 0
[2016-04-29 04:58:38] EDIT Newrs/views/default/showbooks.html: 0
[2016-04-29 05:00:59] EDIT Newrs/views/default/showbooks.html: 2
[2016-04-29 05:01:36] EDIT Newrs/views/default/showbooks.html: 0
[2016-04-29 05:03:15] EDIT Newrs/static/css/style2.css: 7
[2016-04-29 05:03:22] EDIT Newrs/views/default/showbooks.html: 0
[2016-04-29 05:03:42] EDIT Newrs/static/css/style2.css: 0
[2016-04-29 05:03:44] EDIT Newrs/static/css/style2.css: -2
[2016-04-29 05:04:29] EDIT Newrs/static/css/style2.css: 1
[2016-04-29 05:05:14] EDIT Newrs/static/css/style2.css: 0
[2016-04-29 05:06:29] EDIT Newrs/views/default/showbooks.html: 2
[2016-04-29 05:07:14] EDIT Newrs/views/default/showbooks.html: -2
[2016-04-29 05:08:07] EDIT Newrs/static/css/style2.css: 0
[2016-04-29 05:08:53] EDIT Newrs/static/css/style2.css: 2
[2016-04-29 05:09:09] EDIT Newrs/static/css/style2.css: -2
[2016-04-29 05:11:28] EDIT Newrs/static/css/style2.css: 0
[2016-04-29 05:11:45] EDIT Newrs/static/css/style2.css: 0
[2016-04-29 05:13:25] EDIT Newrs/static/css/style2.css: 2
[2016-04-29 05:13:54] EDIT Newrs/static/css/style2.css: -1
[2016-04-29 05:14:03] EDIT Newrs/views/default/showbooks.html: 0
[2016-04-29 05:14:19] EDIT Newrs/views/default/showbooks.html: 0
[2016-04-29 05:14:26] EDIT Newrs/views/default/showbooks.html: 0
[2016-04-29 05:14:33] EDIT Newrs/views/default/showbooks.html: 0
[2016-04-29 05:16:12] EDIT Newrs/static/css/style2.css: 6
[2016-04-29 05:17:10] EDIT Newrs/static/css/style2.css: 0
[2016-04-29 05:17:15] EDIT Newrs/views/default/showbooks.html: 0
[2016-04-29 05:17:39] EDIT Newrs/views/default/showbooks.html: 3
[2016-04-29 05:17:52] EDIT Newrs/views/default/showbooks.html: -3
[2016-04-29 05:18:15] EDIT Newrs/static/css/style2.css: 1
[2016-04-29 05:18:25] EDIT Newrs/static/css/style2.css: 0
[2016-04-29 05:18:46] EDIT Newrs/static/css/style2.css: 1
[2016-04-29 05:19:40] EDIT Newrs/static/css/style2.css: 0
[2016-04-29 05:20:06] EDIT Newrs/static/css/style2.css: 0
[2016-04-29 05:20:16] EDIT Newrs/static/css/style2.css: 0
[2016-04-29 05:20:38] EDIT Newrs/static/css/style2.css: 0
[2016-04-29 05:20:47] EDIT Newrs/static/css/style2.css: 0
[2016-04-29 05:21:06] EDIT Newrs/static/css/style2.css: 1
[2016-04-29 05:21:08] EDIT Newrs/static/css/style2.css: 0
[2016-04-29 05:26:20] EDIT Newrs/static/css/style2.css: 2
[2016-04-29 05:27:39] EDIT Newrs/static/css/style2.css: 0
[2016-04-29 05:28:02] EDIT Newrs/views/layout.html: -3
[2016-04-29 05:28:57] EDIT Newrs/static/css/style2.css: 1
[2016-04-29 05:29:13] EDIT Newrs/static/css/style2.css: 0
[2016-04-29 05:30:19] EDIT Newrs/static/css/style2.css: 0
[2016-04-29 15:32:55] EDIT Newrs/views/default/showbooks.html: 0
[2016-04-29 15:33:30] EDIT Newrs/views/default/showbooks.html: 1
[2016-04-29 15:33:48] EDIT Newrs/views/default/showbooks.html: 6
[2016-04-29 15:34:00] EDIT Newrs/views/default/showbooks.html: 0
[2016-04-29 15:34:12] EDIT Newrs/views/default/showbooks.html: 0
[2016-04-29 15:34:31] EDIT Newrs/views/default/showbooks.html: -2
[2016-04-29 15:37:44] EDIT Newrs/views/default/showjournals.html: 27
[2016-04-29 15:38:09] EDIT Newrs/views/default/showjournals.html: 0
[2016-04-29 15:41:11] EDIT Newrs/views/default/showejournals.html: 24
[2016-04-29 15:41:27] EDIT Newrs/views/default/showejournals.html: 0
[2016-04-29 15:41:56] EDIT Newrs/views/default/showejournals.html: 0
[2016-04-29 15:43:19] EDIT Newrs/controllers/default.py: 3
[2016-04-29 15:44:17] CREATE default/showthesis.html: 0
[2016-04-29 15:45:30] EDIT Newrs/views/default/showthesis.html: 27
[2016-04-29 15:48:03] EDIT Newrs/views/default/askyourqueries.html: 0
[2016-04-29 15:50:36] EDIT Newrs/views/default/askyourqueries.html: 11
[2016-04-29 15:51:00] EDIT Newrs/views/default/askyourqueries.html: 3
[2016-04-29 15:51:20] EDIT Newrs/models/db.py: 0
[2016-04-29 15:51:31] EDIT Newrs/models/db.py: 0
[2016-04-29 15:52:27] EDIT Newrs/models/db.py: 0
[2016-04-29 15:53:18] EDIT Newrs/models/db.py: 0
[2016-04-29 15:53:23] EDIT Newrs/views/default/askyourqueries.html: 0
[2016-04-29 15:53:54] EDIT Newrs/models/db.py: 0
[2016-04-29 15:55:20] EDIT Newrs/controllers/default.py: 0
[2016-04-29 15:55:49] EDIT Newrs/models/db.py: 0
[2016-04-29 15:59:10] EDIT Newrs/views/default/answerqueries.html: 18
[2016-04-29 16:01:44] EDIT Newrs/controllers/default.py: 0
[2016-04-29 16:02:13] EDIT Newrs/controllers/default.py: 0
[2016-04-29 16:06:28] EDIT Newrs/controllers/default.py: -1
[2016-04-29 16:10:00] EDIT Newrs/controllers/default.py: 0
[2016-04-29 16:10:16] EDIT Newrs/controllers/default.py: 0
[2016-04-29 16:12:25] EDIT Newrs/controllers/default.py: 0
[2016-04-29 16:12:41] EDIT Newrs/controllers/default.py: 0
[2016-04-29 16:26:56] EDIT Newrs/controllers/default.py: 0
[2016-04-29 16:27:45] EDIT Newrs/views/default/answerqueries.html: -1
[2016-04-29 16:28:12] EDIT Newrs/views/default/answerqueries.html: 1
[2016-04-29 16:31:40] EDIT Newrs/controllers/default.py: 0
[2016-04-29 16:34:47] EDIT Newrs/controllers/default.py: 0
[2016-04-29 16:36:13] EDIT Newrs/controllers/default.py: 0
[2016-04-29 16:37:58] EDIT Newrs/controllers/default.py: 0
[2016-04-29 16:39:22] EDIT Newrs/controllers/default.py: 0
[2016-04-29 16:39:32] EDIT Newrs/views/default/editnews.html: 14
[2016-04-29 16:40:05] EDIT Newrs/views/default/editnews.html: 0
[2016-04-29 16:42:01] EDIT Newrs/controllers/default.py: 0
[2016-04-29 16:42:43] EDIT Newrs/controllers/default.py: 0
[2016-04-29 16:59:31] EDIT Newrs/views/default/answerqueries.html: 0
[2016-04-29 17:00:18] EDIT Newrs/views/default/answerqueries.html: 0
[2016-04-29 17:01:05] EDIT Newrs/views/default/answerqueries.html: 0
[2016-04-29 17:02:17] EDIT Newrs/views/default/answerqueries.html: 0
[2016-04-29 17:04:00] EDIT Newrs/views/default/answerqueries.html: -1
[2016-04-29 17:06:28] EDIT Newrs/views/default/answerqueries.html: 1
[2016-04-29 17:07:43] EDIT Newrs/static/css/style2.css: -3
[2016-04-29 17:08:45] EDIT Newrs/controllers/default.py: 3
[2016-04-29 17:09:10] EDIT Newrs/controllers/default.py: 0
[2016-04-29 17:11:02] EDIT Newrs/controllers/default.py: 0
[2016-04-29 17:12:10] EDIT Newrs/controllers/default.py: 1
[2016-04-29 17:15:48] EDIT Newrs/views/default/fine_calculator.html: 24
[2016-04-29 17:16:43] EDIT Newrs/controllers/default.py: 0
[2016-04-29 17:20:06] EDIT Newrs/models/db.py: 0
[2016-04-29 17:20:37] EDIT Newrs/controllers/default.py: 0
[2016-04-29 17:28:20] EDIT Newrs/controllers/default.py: 0
[2016-04-29 17:31:50] EDIT Newrs/views/default/lost_book.html: 15
[2016-04-29 17:32:15] EDIT Newrs/views/default/lost_book.html: -1
[2016-04-29 17:32:19] EDIT Newrs/views/default/lost_book.html: 0
[2016-04-29 17:33:55] EDIT Newrs/controllers/default.py: 0
[2016-04-29 17:36:24] EDIT Newrs/views/default/my_profile.html: 18
[2016-04-29 17:40:08] EDIT Newrs/views/default/my_profile.html: 12
[2016-04-29 17:41:12] EDIT Newrs/views/default/my_profile.html: 0
[2016-04-29 17:42:34] EDIT Newrs/views/default/newnews.html: 14
[2016-04-29 22:22:19] EDIT Newrs/controllers/default.py: 0
[2016-04-29 22:25:28] EDIT Newrs/models/db.py: 2
[2016-04-29 22:28:47] EDIT Newrs/views/default/view_recommendation.html: 30
[2016-04-29 22:30:03] EDIT Newrs/views/default/view_recommendation.html: 0
[2016-04-29 22:31:30] EDIT Newrs/controllers/default.py: 0
[2016-04-29 22:32:12] EDIT Newrs/controllers/default.py: 0
[2016-04-29 22:34:47] EDIT Newrs/views/default/view_recommendation.html: 0
[2016-04-29 22:35:43] EDIT Newrs/views/default/view_recommendation.html: 0
[2016-04-29 22:37:44] EDIT Newrs/views/default/uploadebooks.html: 14
[2016-04-29 22:38:14] EDIT Newrs/views/default/uploadebooks.html: -3
[2016-04-29 22:39:55] EDIT Newrs/views/default/updatethesis.html: 11
[2016-04-29 22:40:10] EDIT Newrs/views/default/updatethesis.html: 0
[2016-04-29 22:40:24] EDIT Newrs/views/default/updateejournals.html: 11
[2016-04-29 22:40:42] EDIT Newrs/views/default/updatejournals.html: 11
[2016-04-29 22:41:03] EDIT Newrs/views/default/updatejournals.html: 0
[2016-04-29 22:41:13] EDIT Newrs/views/default/updateejournals.html: 0
[2016-04-29 22:41:58] EDIT Newrs/views/default/updatebooks.html: 11
[2016-04-30 00:13:58] EDIT Newrs/views/default/shownews.html: 34
[2016-04-30 00:14:40] EDIT Newrs/views/default/shownews.html: -4
[2016-04-30 00:15:51] EDIT Newrs/controllers/default.py: 0
[2016-04-30 00:16:38] EDIT Newrs/views/default/shownews.html: 0
[2016-04-30 00:16:53] EDIT Newrs/views/default/shownews.html: 0
[2016-04-30 00:18:30] EDIT Newrs/views/default/shownews.html: 0
[2016-04-30 00:19:14] EDIT Newrs/views/default/shownews.html: 0
[2016-04-30 00:23:18] EDIT Newrs/views/default/shownews.html: 0
[2016-04-30 00:25:28] EDIT Newrs/views/default/shownews.html: 2
[2016-04-30 00:27:08] EDIT Newrs/controllers/default.py: 0
[2016-04-30 00:28:56] EDIT Newrs/views/default/shownews.html: 0
[2016-04-30 00:29:12] EDIT Newrs/views/default/shownews.html: 0
[2016-04-30 00:29:59] EDIT Newrs/views/default/show_users.html: 28
[2016-04-30 00:30:16] EDIT Newrs/views/default/show_users.html: 0
[2016-04-30 00:32:26] EDIT Newrs/views/default/return_book.html: 11
[2016-04-30 00:32:37] EDIT Newrs/views/default/return_book.html: 0
[2016-04-30 00:33:10] EDIT Newrs/views/default/return_book.html: 3
[2016-04-30 00:38:24] EDIT Newrs/views/default/recommend.html: 14
[2016-04-30 00:40:47] EDIT Newrs/models/menu.py: -2
[2016-04-30 00:42:22] EDIT Newrs/views/layout.html: 0
[2016-04-30 00:44:01] EDIT Newrs/views/default/purchase_book.html: 14
[2016-04-30 00:50:39] EDIT Newrs/controllers/default.py: 0
[2016-04-30 00:56:28] EDIT Newrs/views/layout.html: 6
[2016-04-30 00:56:58] EDIT Newrs/views/layout.html: -1
[2016-04-30 00:59:23] EDIT Newrs/views/layout.html: 0
[2016-04-30 00:59:42] EDIT Newrs/views/layout.html: 0
[2016-04-30 01:00:18] EDIT Newrs/views/layout.html: 1
[2016-04-30 01:01:09] EDIT Newrs/views/layout.html: 0
[2016-04-30 01:08:10] EDIT Newrs/views/layout.html: 0
[2016-04-30 01:09:06] EDIT Newrs/static/css/style2.css: 4
[2016-04-30 01:09:35] EDIT Newrs/static/css/style2.css: 0
[2016-04-30 01:12:07] EDIT Newrs/static/css/style2.css: 1
[2016-04-30 01:15:12] EDIT Newrs/views/layout.html: 0
[2016-04-30 01:17:47] EDIT Newrs/views/layout.html.1: 0
[2016-04-30 01:18:28] EDIT Newrs/views/layout.html.1: 0
[2016-04-30 01:18:57] EDIT Newrs/views/layout.html.1: 1
[2016-04-30 01:20:56] EDIT Newrs/views/layout.html.1: 0
[2016-04-30 01:21:25] EDIT Newrs/views/layout.html.1: 0
[2016-04-30 01:23:46] EDIT Newrs/views/layout.html.1: 0
[2016-04-30 01:24:32] EDIT Newrs/views/layout.html.1: -1
[2016-04-30 01:26:14] EDIT Newrs/views/layout.html.1: 0
[2016-04-30 01:28:39] EDIT Newrs/views/layout.html.1: 0
[2016-04-30 01:29:12] EDIT Newrs/views/layout.html.1: 0
[2016-04-30 01:29:14] EDIT Newrs/views/layout.html.1: 0
[2016-04-30 01:31:18] EDIT Newrs/views/layout.html.1: 0
[2016-04-30 01:31:19] EDIT Newrs/views/layout.html.1: 0
[2016-04-30 01:31:58] EDIT Newrs/views/layout.html.1: 0
[2016-04-30 01:35:14] EDIT Newrs/views/layout.html.1: 0
[2016-04-30 01:36:22] EDIT Newrs/views/layout.html.1: 0
[2016-04-30 01:38:23] EDIT Newrs/views/layout.html: 0
[2016-04-30 01:39:13] EDIT Newrs/views/layout.html: 0
[2016-04-30 01:41:10] EDIT Newrs/static/css/style2.css: 0
[2016-04-30 01:41:36] EDIT Newrs/static/css/style2.css: -1
[2016-04-30 01:42:09] EDIT Newrs/static/css/style2.css: 1
[2016-04-30 01:45:40] EDIT Newrs/static/css/style2.css: 0
[2016-04-30 01:59:05] EDIT Newrs/views/layout.html: -1
[2016-04-30 01:59:22] EDIT Newrs/views/layout.html: 0
[2016-04-30 02:00:10] EDIT Newrs/views/layout.html: 0
[2016-04-30 02:00:22] EDIT Newrs/views/layout.html: 0
[2016-04-30 02:02:45] EDIT Newrs/static/css/style2.css: 0
[2016-04-30 02:03:40] EDIT Newrs/static/css/style2.css: 0
[2016-04-30 02:04:38] EDIT Newrs/views/default/index.html: 0
[2016-04-30 02:05:48] CREATE default/showebooks.py: 0
[2016-04-30 02:05:59] CREATE default/showebooks.html: 0
[2016-04-30 02:11:52] EDIT Newrs/controllers/default.py: 3
[2016-04-30 02:16:22] CREATE default/show.html: 0
[2016-04-30 02:16:54] EDIT Newrs/views/default/show.html: 12
[2016-04-30 02:17:40] CREATE default/user.html: 0
[2016-04-30 02:17:48] EDIT Newrs/views/default/user.html: 14
[2016-04-30 02:17:56] EDIT Newrs/views/default/user.html: -1
[2016-04-30 02:18:08] EDIT Newrs/views/default/user.html: -1
[2016-04-30 02:18:31] EDIT Newrs/views/default/user.html: 0
[2016-04-30 02:19:17] EDIT Newrs/views/default/user.html: 0
[2016-04-30 02:26:07] EDIT Newrs/views/default/showebooks.html: 28
[2016-04-30 02:34:25] EDIT Newrs/models/db.py: 10
[2016-04-30 02:34:49] EDIT Newrs/models/db.py: 0
[2016-04-30 02:35:29] EDIT Newrs/models/db.py: 0
[2016-04-30 02:37:41] CREATE default/addcontacts.html: 0
[2016-04-30 02:38:37] EDIT Newrs/views/default/addcontacts.html: 11
[2016-04-30 02:39:15] EDIT Newrs/controllers/default.py: 69
[2016-04-30 02:40:23] CREATE default/managecontacts.html: 0
[2016-04-30 02:40:42] EDIT Newrs/views/default/managecontacts.html: 11
[2016-04-30 02:44:37] EDIT Newrs/views/layout.html: 4
[2016-04-30 02:45:25] EDIT Newrs/views/layout.html: 1
[2016-04-30 02:49:11] EDIT Newrs/views/layout.html: 14
[2016-04-30 02:52:43] EDIT Newrs/views/layout.html: 0
[2016-04-30 02:53:40] EDIT Newrs/views/layout.html: 1
[2016-04-30 02:54:14] EDIT Newrs/views/layout.html: 1
[2016-04-30 02:56:09] EDIT Newrs/static/css/style2.css: 4
[2016-04-30 02:56:41] EDIT Newrs/static/css/style2.css: -4
[2016-04-30 02:56:51] EDIT Newrs/static/css/style2.css: 4
[2016-04-30 02:57:32] EDIT Newrs/views/layout.html: -1
[2016-04-30 02:58:20] EDIT Newrs/views/layout.html: 1
[2016-04-30 02:58:32] EDIT Newrs/views/layout.html: 0
[2016-04-30 02:58:41] EDIT Newrs/views/layout.html: 0
[2016-04-30 03:00:33] EDIT Newrs/static/css/web2py.css: -6
[2016-04-30 03:00:59] EDIT Newrs/views/layout.html: -1
[2016-04-30 03:02:23] EDIT Newrs/views/default/managecontacts.html: -6
[2016-04-30 03:03:51] EDIT Newrs/static/css/style2.css: 2
[2016-04-30 03:06:16] EDIT Newrs/static/css/bootstrap1.min.css: 0
[2016-04-30 03:09:15] EDIT Newrs/static/css/bootstrap1.min.css: 0
[2016-04-30 03:10:39] EDIT Newrs/static/css/web2py.css: 0
[2016-04-30 03:11:12] EDIT Newrs/static/css/style2.css: 0
[2016-04-30 03:11:27] EDIT Newrs/static/css/style2.css: 0
[2016-04-30 03:16:49] EDIT Newrs/static/css/style2.css: 0
[2016-04-30 03:17:05] EDIT Newrs/views/default/managecontacts.html: -1
[2016-04-30 03:17:21] EDIT Newrs/views/default/managecontacts.html: 3
[2016-04-30 03:17:42] EDIT Newrs/views/default/managecontacts.html: 3
[2016-04-30 03:17:54] EDIT Newrs/views/default/managecontacts.html: 0
[2016-04-30 03:19:04] EDIT Newrs/views/default/uploadebooks.html: -4
[2016-04-30 03:19:26] EDIT Newrs/views/default/uploadebooks.html: 3
[2016-04-30 03:29:27] EDIT Newrs/static/css/bootstrap1.min.css: 0
[2016-04-30 03:30:47] EDIT Newrs/static/css/bootstrap1.min.css: 0
[2016-04-30 03:31:47] EDIT Newrs/static/css/web2py.css: 0
[2016-04-30 03:32:18] EDIT Newrs/static/css/bootstrap1.min.css: 0
[2016-04-30 03:36:21] EDIT Newrs/static/css/bootstrap1.min.css: 0
[2016-04-30 03:42:51] EDIT Newrs/static/css/style2.css: -2
[2016-04-30 03:43:47] EDIT Newrs/views/layout.html: 0
[2016-04-30 03:45:16] EDIT Newrs/views/layout.html: 0
[2016-04-30 12:47:51] EDIT Newrs/controllers/default.py: 0
[2016-04-30 12:52:41] EDIT Newrs/views/default/showbooks.html: 0
[2016-04-30 12:53:48] EDIT Newrs/views/default/showbooks.html: 0
[2016-04-30 12:56:17] EDIT Newrs/views/layout.html: 1
[2016-04-30 13:01:39] EDIT Newrs/views/default/showbooks.html: 0
[2016-04-30 13:01:48] EDIT Newrs/views/default/showbooks.html: 0
[2016-04-30 13:02:29] EDIT Newrs/views/default/showbooks.html: 0
[2016-04-30 13:03:09] EDIT Newrs/views/default/showbooks.html: 0
[2016-04-30 13:03:13] EDIT Newrs/views/default/showbooks.html: 0
[2016-04-30 13:11:29] EDIT Newrs/views/default/show.html: 11
[2016-04-30 13:12:16] EDIT Newrs/views/default/show.html: 0
[2016-04-30 13:14:36] EDIT Newrs/views/default/show.html: 0
[2016-04-30 13:15:55] EDIT Newrs/views/default/show.html: 0
[2016-04-30 13:16:46] EDIT Newrs/views/default/show.html: 0
[2016-04-30 13:17:25] EDIT Newrs/views/default/show.html: 0
[2016-04-30 13:18:06] EDIT Newrs/views/default/show.html: 0
[2016-04-30 13:21:34] EDIT Newrs/static/css/style2.css: -1
[2016-04-30 13:22:46] EDIT Newrs/static/css/web2py.css: -1
[2016-04-30 13:23:15] EDIT Newrs/static/css/bootstrap1.min.css: 0
[2016-04-30 13:23:58] EDIT Newrs/static/css/bootstrap1.min.css: 0
[2016-04-30 13:33:24] CREATE default/searchbooks.html: 0
[2016-04-30 13:37:38] EDIT Newrs/controllers/default.py: 0
[2016-04-30 13:43:50] EDIT Newrs/controllers/default.py: 0
[2016-04-30 13:45:09] EDIT Newrs/controllers/default.py: 0
[2016-04-30 13:45:13] EDIT Newrs/controllers/default.py: 0
[2016-04-30 13:47:41] EDIT Newrs/controllers/default.py: 0
[2016-04-30 13:47:44] EDIT Newrs/controllers/default.py: 0
[2016-04-30 13:48:14] EDIT Newrs/controllers/default.py: 0
[2016-04-30 13:57:49] EDIT Newrs/controllers/default.py: 0
[2016-04-30 14:01:29] EDIT Newrs/controllers/default.py: 0
[2016-04-30 14:02:43] EDIT Newrs/views/default/searchbooks.html: 34
[2016-04-30 14:06:28] EDIT Newrs/controllers/default.py: 0
[2016-04-30 14:11:42] EDIT Newrs/controllers/default.py: 0
[2016-04-30 14:11:47] EDIT Newrs/controllers/default.py: 0
[2016-04-30 14:13:13] EDIT Newrs/controllers/default.py: 1
[2016-04-30 14:13:35] EDIT Newrs/controllers/default.py: 0
[2016-04-30 14:17:58] EDIT Newrs/views/layout.html: 0
[2016-04-30 14:23:22] EDIT Newrs/controllers/default.py: 0
[2016-04-30 14:24:23] EDIT Newrs/controllers/default.py: 0
[2016-04-30 14:25:16] EDIT Newrs/controllers/default.py: -1
[2016-04-30 14:32:31] EDIT Newrs/controllers/default.py: 12
[2016-04-30 14:33:42] EDIT Newrs/views/layout.html: -14
[2016-04-30 14:33:48] EDIT Newrs/views/layout.html: 14
[2016-04-30 14:33:57] EDIT Newrs/views/layout.html: -1
[2016-04-30 14:35:28] EDIT Newrs/views/layout.html: 0
[2016-04-30 14:35:48] EDIT Newrs/views/default/searchbooks.html: 1
[2016-04-30 14:37:46] EDIT Newrs/controllers/default.py: 2
[2016-04-30 14:39:23] EDIT Newrs/models/db.py: 0
[2016-04-30 14:39:54] EDIT Newrs/controllers/default.py: 1
[2016-04-30 14:40:08] EDIT Newrs/controllers/default.py: 0
[2016-04-30 14:40:48] EDIT Newrs/views/default/contacts.html: 0
[2016-04-30 14:41:27] EDIT Newrs/controllers/default.py: -2
[2016-04-30 14:41:53] EDIT Newrs/controllers/default.py: 0
[2016-04-30 14:42:27] EDIT Newrs/models/menu.py: 0
[2016-04-30 14:43:03] EDIT Newrs/views/layout.html: 0
[2016-04-30 14:43:19] EDIT Newrs/views/layout.html: 0
[2016-04-30 14:43:31] EDIT Newrs/views/default/contacts.html: 0
[2016-04-30 14:45:16] EDIT Newrs/views/layout.html: 0
[2016-04-30 14:46:06] EDIT Newrs/controllers/default.py: 8
[2016-04-30 14:46:36] EDIT Newrs/controllers/default.py: -8
[2016-04-30 14:47:03] EDIT Newrs/views/default/feedback.html: 0
[2016-04-30 14:48:57] EDIT Newrs/controllers/default.py: 0
[2016-04-30 14:49:25] EDIT Newrs/controllers/default.py: 0
[2016-04-30 14:49:48] EDIT Newrs/controllers/default.py: 0
[2016-04-30 14:52:34] EDIT Newrs/controllers/default.py: 0
[2016-04-30 14:52:41] EDIT Newrs/views/layout.html: 0
[2016-04-30 14:54:24] EDIT Newrs/static/css/web2py.css: -1
[2016-04-30 14:57:06] EDIT Newrs/controllers/default.py: 11
[2016-04-30 14:57:44] EDIT Newrs/views/default/issue_book.html: 14
[2016-04-30 14:58:41] EDIT Newrs/views/layout.html: 0
[2016-04-30 14:59:57] EDIT Newrs/views/layout.html: 0
[2016-04-30 15:00:02] EDIT Newrs/views/layout.html: 0
[2016-04-30 15:00:59] EDIT Newrs/views/layout.html: 0
[2016-04-30 15:03:26] EDIT Newrs/views/default/index.html: 0
[2016-04-30 15:03:30] EDIT Newrs/views/default/index.html: 0
[2016-04-30 15:04:31] EDIT Newrs/views/default/index.html: 2
[2016-04-30 15:05:09] EDIT Newrs/views/default/index.html: 0
[2016-04-30 15:06:09] EDIT Newrs/views/default/index.html: 0
[2016-04-30 15:07:06] EDIT Newrs/views/default/index.html: 0
[2016-04-30 15:07:40] EDIT Newrs/views/default/index.html: 0
[2016-04-30 15:11:23] EDIT Newrs/views/layout.html: 0
[2016-04-30 15:12:13] EDIT Newrs/views/layout.html: 0
[2016-04-30 15:13:12] EDIT Newrs/views/default/index.html: 0
[2016-04-30 15:16:37] EDIT Newrs/static/css/style2.css: 4
[2016-04-30 15:17:53] EDIT Newrs/views/default/index.html: 0
[2016-04-30 15:21:21] EDIT Newrs/static/css/web2py.css: -1
[2016-04-30 15:22:14] EDIT Newrs/static/css/style2.css: 0
[2016-04-30 15:23:35] EDIT Newrs/static/css/bootstrap1.min.css: 0
[2016-04-30 15:28:15] EDIT Newrs/controllers/default.py: 4
[2016-04-30 15:28:24] EDIT Newrs/controllers/default.py: 0
[2016-04-30 15:30:21] EDIT Newrs/controllers/default.py: 0
[2016-04-30 15:33:31] EDIT Newrs/controllers/default.py: 2
[2016-04-30 15:34:18] EDIT Newrs/models/db.py: 0
[2016-04-30 16:03:22] DELETE Newrs/models/default/showebooks.py: 0
[2016-04-30 16:19:16] EDIT Newrs/controllers/default.py: 0
[2016-05-03 05:39:01] EDIT Newrs/views/layout.html: 5
[2016-05-03 05:39:23] EDIT Newrs/views/layout.html: 0
[2016-05-03 05:43:27] EDIT Newrs/static/css/style2.css: 0
[2016-05-03 05:55:36] CREATE default/admin.html: 0
[2016-05-03 06:11:59] EDIT Newrs/controllers/default.py: -8
[2016-05-03 06:12:07] EDIT Newrs/views/default/admin.html: 35
[2016-05-03 06:12:14] EDIT Newrs/views/default/admin.html: -4
[2016-05-03 06:15:16] EDIT Newrs/controllers/default.py: 0
[2016-05-03 06:15:20] EDIT Newrs/controllers/default.py: 0
[2016-05-03 06:17:30] EDIT Newrs/views/default/admin.html: 0
[2016-05-03 08:03:02] EDIT Newrs/views/default/admin.html: 0
[2016-05-03 08:03:43] EDIT Newrs/views/default/admin.html: 0
[2016-05-03 08:04:57] EDIT Newrs/views/layout.html: 0
[2016-05-03 08:16:50] EDIT Newrs/static/css/style2.css: 12
[2016-05-03 08:19:57] EDIT Newrs/static/css/style2.css: 1
[2016-05-03 08:21:20] EDIT Newrs/views/default/admin.html: 0
[2016-05-03 08:21:57] EDIT Newrs/static/css/style2.css: 8
[2016-05-03 08:24:01] EDIT Newrs/static/css/style2.css: 1
[2016-05-03 08:24:30] EDIT Newrs/static/css/style2.css: 1
[2016-05-03 08:28:06] EDIT Newrs/static/css/style2.css: 10
[2016-05-03 08:28:08] EDIT Newrs/static/css/style2.css: 0
[2016-05-03 08:28:11] EDIT Newrs/static/css/style2.css: -1
[2016-05-03 08:30:02] EDIT Newrs/static/css/style2.css: 1
[2016-05-03 08:30:43] EDIT Newrs/static/css/style2.css: 1
[2016-05-03 08:34:17] EDIT Newrs/controllers/default.py: 0
[2016-05-03 08:35:55] EDIT Newrs/controllers/default.py: 2
[2016-05-03 08:39:05] EDIT Newrs/views/layout.html: 1
[2016-05-03 08:45:31] EDIT Newrs/static/css/web2py_bootstrap.css: 30
[2016-05-03 08:46:13] EDIT Newrs/static/css/web2py_bootstrap.css: 0
[2016-05-03 08:47:32] EDIT Newrs/views/layout.html: 0
[2016-05-03 08:48:59] EDIT Newrs/views/layout.html: -1
[2016-05-03 08:49:06] EDIT Newrs/views/layout.html: 1
[2016-05-03 08:49:18] EDIT Newrs/controllers/default.py: 0
[2016-05-03 08:51:48] EDIT Newrs/static/css/web2py_bootstrap.css: 62
[2016-05-03 08:52:37] EDIT Newrs/static/css/web2py_bootstrap.css: -1
[2016-05-03 08:55:51] CREATE default/extra.html: 0
[2016-05-03 08:56:16] EDIT Newrs/views/default/extra.html: 21
[2016-05-03 09:00:30] EDIT Newrs/views/default/extra.html: 4
[2016-05-03 09:01:08] EDIT Newrs/controllers/default.py: 2
[2016-05-03 09:02:35] EDIT Newrs/views/default/extra.html: 12
[2016-05-03 09:02:59] EDIT Newrs/views/default/extra.html: 0
[2016-05-03 09:04:45] EDIT Newrs/views/default/extra.html: -8
[2016-05-03 09:06:21] EDIT Newrs/views/default/extra.html: 3
[2016-05-03 09:07:20] EDIT Newrs/views/default/admin.html: -5
[2016-05-03 09:07:51] EDIT Newrs/views/default/addcontacts.html: -4
[2016-05-03 09:07:56] EDIT Newrs/views/default/addcontacts.html: -1
[2016-05-03 09:08:18] EDIT Newrs/views/default/answerqueries.html: -5
[2016-05-03 09:08:26] EDIT Newrs/views/default/answerqueries.html: -3
[2016-05-03 09:09:02] EDIT Newrs/views/default/askyourqueries.html: -8
[2016-05-03 09:09:12] EDIT Newrs/views/default/contacts.html: -5
[2016-05-03 09:10:17] EDIT Newrs/controllers/default.py: 0
[2016-05-03 09:11:05] EDIT Newrs/views/default/extra.html: 0
[2016-05-03 09:11:48] EDIT Newrs/views/default/extra.html: 0
[2016-05-03 09:12:45] EDIT Newrs/views/default/extra.html: 0
[2016-05-03 09:16:28] EDIT Newrs/static/css/style2.css: 0
[2016-05-03 09:17:10] EDIT Newrs/static/css/style2.css: 0
[2016-05-03 09:17:43] EDIT Newrs/static/css/style2.css: 0
[2016-05-03 09:18:30] EDIT Newrs/static/css/style2.css: 0
[2016-05-03 09:18:43] EDIT Newrs/static/css/style2.css: 0
[2016-05-03 09:20:22] EDIT Newrs/static/css/style2.css: 0
[2016-05-03 09:21:20] EDIT Newrs/views/default/extra.html: 0
[2016-05-03 09:21:56] EDIT Newrs/views/default/extra.html: 0
[2016-05-03 09:22:26] EDIT Newrs/views/default/extra.html: 0
[2016-05-03 09:24:27] EDIT Newrs/views/default/editnews.html: -8
[2016-05-03 09:25:25] EDIT Newrs/views/default/feed.html: -8
[2016-05-03 09:25:37] EDIT Newrs/views/default/fine_calculator.html: -8
[2016-05-03 09:26:04] EDIT Newrs/views/default/issue_book.html: -8
[2016-05-03 09:26:17] EDIT Newrs/views/default/lost_book.html: -8
[2016-05-03 09:26:29] EDIT Newrs/views/default/managecontacts.html: -4
[2016-05-03 09:26:41] EDIT Newrs/views/default/my_profile.html: -8
[2016-05-03 09:26:59] EDIT Newrs/views/default/newnews.html: -8
[2016-05-03 09:27:26] EDIT Newrs/views/default/purchase_book.html: -8
[2016-05-03 09:27:42] EDIT Newrs/views/default/recommend.html: -8
[2016-05-03 09:27:54] EDIT Newrs/views/default/return_book.html: -8
[2016-05-03 09:28:13] EDIT Newrs/views/default/searchbooks.html: -7
[2016-05-03 09:28:36] EDIT Newrs/views/default/show.html: -7
[2016-05-03 09:28:53] EDIT Newrs/views/default/show_users.html: -7
[2016-05-03 09:29:11] EDIT Newrs/views/default/showbooks.html: -7
[2016-05-03 09:29:20] EDIT Newrs/views/default/showejournals.html: -5
[2016-05-03 09:29:30] EDIT Newrs/views/default/showebooks.html: -7
[2016-05-03 09:30:43] EDIT Newrs/views/default/showjournals.html: -5
[2016-05-03 09:31:12] EDIT Newrs/views/default/shownews.html: -7
[2016-05-03 09:31:23] EDIT Newrs/views/default/showthesis.html: -5
[2016-05-03 09:31:35] EDIT Newrs/views/default/updatebooks.html: -5
[2016-05-03 09:31:42] EDIT Newrs/views/default/updateejournals.html: -5
[2016-05-03 09:31:52] EDIT Newrs/views/default/updatejournals.html: -5
[2016-05-03 09:32:12] EDIT Newrs/views/default/updatethesis.html: -5
[2016-05-03 09:32:24] EDIT Newrs/views/default/uploadebooks.html: -4
[2016-05-03 09:32:34] EDIT Newrs/views/default/user.html: -7
[2016-05-03 09:32:44] EDIT Newrs/views/default/view_recommendation.html: -7
[2016-05-03 09:32:51] EDIT Newrs/views/default/viewfeedbacks.html: -7
[2016-05-03 09:33:53] EDIT Newrs/views/default/admin.html: 1
[2016-05-03 09:34:04] EDIT Newrs/views/default/admin.html: 0
[2016-05-03 09:35:53] EDIT Newrs/views/layout.html: 0
[2016-05-03 09:36:33] EDIT Newrs/views/layout.html: 0
[2016-05-03 09:38:05] EDIT Newrs/views/layout.html: 0
[2016-05-03 09:39:26] EDIT Newrs/static/css/bootstrap1.min.css: 0
[2016-05-03 09:42:03] EDIT Newrs/views/default/shownews.html: 0
[2016-05-03 09:43:07] EDIT Newrs/models/db.py: 0
[2016-05-03 09:43:37] EDIT Newrs/views/default/shownews.html: 2
[2016-05-03 09:45:30] EDIT Newrs/views/default/shownews.html: 0
[2016-05-03 09:45:56] EDIT Newrs/static/css/style2.css: 4
[2016-05-03 09:49:06] EDIT Newrs/static/css/style2.css: 1
[2016-05-03 18:02:05] EDIT Newrs/controllers/default.py: 0
[2016-05-03 18:03:38] EDIT Newrs/views/default/searchbooks.html: 0
[2016-05-03 18:04:20] CREATE default/callback.html: 0
[2016-05-03 18:04:31] EDIT Newrs/views/default/callback.html: 28
[2016-05-03 18:05:46] EDIT Newrs/views/default/searchbooks.html: -28
[2016-05-03 18:06:23] EDIT Newrs/controllers/default.py: 0
[2016-05-03 18:09:40] EDIT Newrs/controllers/default.py: 0
[2016-05-03 18:10:46] EDIT Newrs/controllers/default.py: 2
[2016-05-03 18:12:31] EDIT Newrs/controllers/default.py: 0
[2016-05-03 18:13:06] EDIT Newrs/controllers/default.py: -2
[2016-05-03 18:14:53] EDIT Newrs/controllers/default.py: 0
[2016-05-03 18:15:44] EDIT Newrs/controllers/default.py: 0
[2016-05-03 18:16:17] EDIT Newrs/controllers/default.py: 0
[2016-05-03 18:16:18] EDIT Newrs/controllers/default.py: 0
[2016-05-03 18:17:04] EDIT Newrs/controllers/default.py: 1
[2016-05-03 18:17:39] EDIT Newrs/controllers/default.py: -1
[2016-05-03 18:18:11] EDIT Newrs/controllers/default.py: 0
[2016-05-03 18:18:21] EDIT Newrs/controllers/default.py: 0
[2016-05-03 18:18:31] EDIT Newrs/controllers/default.py: 0
[2016-05-03 18:19:40] EDIT Newrs/controllers/default.py: 0
[2016-05-03 18:21:23] EDIT Newrs/views/default/searchbooks.html: -28
[2016-05-03 18:21:52] EDIT Newrs/controllers/default.py: 0
[2016-05-03 18:23:32] EDIT Newrs/controllers/default.py: 0
[2016-05-03 18:25:01] EDIT Newrs/controllers/default.py: 0
[2016-05-03 18:27:23] CREATE default/searchbook.html: 0
[2016-05-03 18:27:27] CREATE default/searchbooks.html: 0
[2016-05-03 18:28:34] EDIT Newrs/views/default/searchbooks.html: 0
[2016-05-03 18:29:20] EDIT Newrs/views/default/searchbooks.html: 1
[2016-05-03 18:29:55] EDIT Newrs/controllers/default.py: 0
[2016-05-03 18:30:55] EDIT Newrs/controllers/default.py: 0
[2016-05-03 18:33:06] EDIT Newrs/static/css/style2.css: 5
[2016-05-03 18:34:06] EDIT Newrs/controllers/default.py: 0
[2016-05-03 18:34:43] EDIT Newrs/controllers/default.py: 0
[2016-05-03 18:35:05] CREATE default/showsearchedjournals.html: 0
[2016-05-03 18:35:45] EDIT Newrs/views/default/showsearchedjournals.html: 8
[2016-05-03 18:35:51] EDIT Newrs/views/default/searchbooks.html: 7
[2016-05-03 18:36:28] CREATE default/searchjournals.html: 0
[2016-05-03 18:36:35] EDIT Newrs/views/default/searchjournals.html: 8
[2016-05-03 18:38:24] EDIT Newrs/views/default/show.html: -4
[2016-05-03 18:40:28] EDIT Newrs/views/default/showbooks.html: 3
[2016-05-03 18:40:55] EDIT Newrs/views/default/showbooks.html: 0
[2016-05-03 18:43:21] EDIT Newrs/views/default/showbooks.html: 2
[2016-05-03 18:45:10] EDIT Newrs/static/css/style2.css: 5
[2016-05-03 18:46:04] EDIT Newrs/static/css/style2.css: 6
[2016-05-03 18:47:01] EDIT Newrs/views/default/showbooks.html: 0
[2016-05-03 18:47:04] EDIT Newrs/static/css/style2.css: 0
[2016-05-03 18:47:20] EDIT Newrs/static/css/style2.css: -5
[2016-05-03 18:47:28] EDIT Newrs/static/css/style2.css: 0
[2016-05-03 18:47:37] EDIT Newrs/views/default/showbooks.html: 0
[2016-05-03 18:47:51] EDIT Newrs/static/css/style2.css: 5
[2016-05-03 18:48:12] EDIT Newrs/static/css/web2py.css: 0
[2016-05-03 18:48:32] EDIT Newrs/static/css/style2.css: 1
[2016-05-03 18:48:57] EDIT Newrs/views/default/showbooks.html: 0
[2016-05-03 18:50:38] EDIT Newrs/views/default/showjournals.html: 5
[2016-05-03 18:51:39] EDIT Newrs/views/default/showbooks.html: 2
[2016-05-03 18:51:56] EDIT Newrs/views/default/showjournals.html: 2
[2016-05-03 18:52:02] EDIT Newrs/views/default/showjournals.html: 0
[2016-05-03 18:52:14] EDIT Newrs/views/default/showjournals.html: 0
[2016-05-03 18:52:36] EDIT Newrs/views/default/showjournals.html: 0
[2016-05-03 18:53:46] EDIT Newrs/views/default/showsearchedjournals.html: 4
[2016-05-03 18:54:37] EDIT Newrs/controllers/default.py: 0
[2016-05-03 18:58:37] EDIT Newrs/static/css/web2py.css: 0
[2016-05-03 19:01:11] EDIT Newrs/views/default/viewfeedbacks.html: 0
[2016-05-03 19:01:29] EDIT Newrs/views/default/viewfeedbacks.html: 1
[2016-05-03 19:04:27] EDIT Newrs/views/default/viewfeedbacks.html: 0
[2016-05-03 19:04:49] EDIT Newrs/views/default/viewfeedbacks.html: 0
[2016-05-03 19:05:01] EDIT Newrs/views/default/viewfeedbacks.html: 0
[2016-05-03 19:05:19] EDIT Newrs/views/default/viewfeedbacks.html: 0
[2016-05-03 19:05:45] EDIT Newrs/views/default/viewfeedbacks.html: 0
[2016-05-03 19:06:47] EDIT Newrs/static/css/web2py.css: 0
[2016-05-03 19:11:21] EDIT Newrs/controllers/default.py: 0
[2016-05-03 19:14:17] EDIT Newrs/controllers/default.py: 5
[2016-05-03 19:14:28] EDIT Newrs/controllers/default.py: -1
[2016-05-03 19:14:44] CREATE default/recentadditions.html: 0
[2016-05-03 19:15:11] EDIT Newrs/views/default/recentadditions.html: 34
[2016-05-03 19:15:44] EDIT Newrs/views/layout.html: 0
[2016-05-03 19:40:11] EDIT Newrs/controllers/default.py: 0
